<?xml version="1.0" encoding="UTF-8"?>
<!-- Generated by org.testng.reporters.JUnitXMLReporter -->
<testsuite hostname="karusala" ignored="0" name="Default test" tests="3" failures="0" timestamp="01 Sep 2019 16:54:00 GMT" time="63.88" errors="0">
  <testcase name="clickWomensLink" time="9.269" classname="com.company.saf.test.DressesPgInStockLinksCntValidation"/>
  <testcase name="clickDressesLink" time="5.062" classname="com.company.saf.test.DressesPgInStockLinksCntValidation"/>
  <testcase name="selectSortByFromDressesPg" time="2.366" classname="com.company.saf.test.DressesPgInStockLinksCntValidation"/>
</testsuite> <!-- Default test -->
