<?xml version="1.0" encoding="UTF-8"?>
<!-- Generated by org.testng.reporters.JUnitXMLReporter -->
<testsuite hostname="karusala" ignored="6" name="Test" tests="3" failures="0" timestamp="01 Sep 2019 14:47:21 GMT" time="44.678" errors="0">
  <testcase name="clickWomensLink" time="6.813" classname="com.company.saf.test.NavigateToWomensPage"/>
  <testcase name="clickWomensLink" time="4.652" classname="com.company.saf.test.DressesPgInStockLinksCntValidation"/>
  <testcase name="clickWomensLink" time="4.32" classname="com.company.saf.test.NavigateToTopsPage"/>
  <testcase name="@BeforeTest init" time="0.0" classname="com.company.saf.test.TestCase">
    <ignored/>
  </testcase> <!-- @BeforeTest init -->
  <testcase name="@BeforeTest init" time="0.0" classname="com.company.saf.test.TestCase">
    <ignored/>
  </testcase> <!-- @BeforeTest init -->
  <testcase name="@BeforeTest init" time="0.0" classname="com.company.saf.test.TestCase">
    <ignored/>
  </testcase> <!-- @BeforeTest init -->
  <testcase name="@AfterTest tearDown" time="0.0" classname="com.company.saf.test.TestCase">
    <ignored/>
  </testcase> <!-- @AfterTest tearDown -->
  <testcase name="@AfterTest tearDown" time="0.0" classname="com.company.saf.test.TestCase">
    <ignored/>
  </testcase> <!-- @AfterTest tearDown -->
  <testcase name="@AfterTest tearDown" time="0.0" classname="com.company.saf.test.TestCase">
    <ignored/>
  </testcase> <!-- @AfterTest tearDown -->
</testsuite> <!-- Test -->
