<?xml version="1.0" encoding="UTF-8"?>
<testng-results skipped="0" failed="2" ignored="6" total="9" passed="1">
  <reporter-output>
  </reporter-output>
  <suite name="Suite1" duration-ms="59347" started-at="2019-09-01T19:16:06Z" finished-at="2019-09-01T19:17:05Z">
    <groups>
    </groups>
    <test name="Test1" duration-ms="59347" started-at="2019-09-01T19:16:06Z" finished-at="2019-09-01T19:17:05Z">
      <class name="com.company.saf.test.NavigateToWomensPage">
        <test-method status="FAIL" signature="clickWomensLink()[pri:0, instance:com.company.saf.test.NavigateToWomensPage@5e5792a0]" name="clickWomensLink" duration-ms="126" started-at="2019-09-01T19:16:54Z" finished-at="2019-09-01T19:16:54Z">
          <exception class="java.lang.NullPointerException">
            <full-stacktrace>
              <![CDATA[java.lang.NullPointerException
at com.company.saf.page.LoginPage.getWomenLink(LoginPage.java:18)
at com.company.saf.action.LoginAction.clickOnWomenLink(LoginAction.java:20)
at com.company.saf.test.NavigateToWomensPage.clickWomensLink(NavigateToWomensPage.java:13)
at sun.reflect.NativeMethodAccessorImpl.invoke0(Native Method)
at sun.reflect.NativeMethodAccessorImpl.invoke(Unknown Source)
at sun.reflect.DelegatingMethodAccessorImpl.invoke(Unknown Source)
at java.lang.reflect.Method.invoke(Unknown Source)
at org.testng.internal.MethodInvocationHelper.invokeMethod(MethodInvocationHelper.java:124)
at org.testng.internal.Invoker.invokeMethod(Invoker.java:583)
at org.testng.internal.Invoker.invokeTestMethod(Invoker.java:719)
at org.testng.internal.Invoker.invokeTestMethods(Invoker.java:989)
at org.testng.internal.TestMethodWorker.invokeTestMethods(TestMethodWorker.java:125)
at org.testng.internal.TestMethodWorker.run(TestMethodWorker.java:109)
at org.testng.TestRunner.privateRun(TestRunner.java:648)
at org.testng.TestRunner.run(TestRunner.java:505)
at org.testng.SuiteRunner.runTest(SuiteRunner.java:455)
at org.testng.SuiteRunner.runSequentially(SuiteRunner.java:450)
at org.testng.SuiteRunner.privateRun(SuiteRunner.java:415)
at org.testng.SuiteRunner.run(SuiteRunner.java:364)
at org.testng.SuiteRunnerWorker.runSuite(SuiteRunnerWorker.java:52)
at org.testng.SuiteRunnerWorker.run(SuiteRunnerWorker.java:84)
at org.testng.TestNG.runSuitesSequentially(TestNG.java:1208)
at org.testng.TestNG.runSuitesLocally(TestNG.java:1137)
at org.testng.TestNG.runSuites(TestNG.java:1049)
at org.testng.TestNG.run(TestNG.java:1017)
at org.testng.remote.AbstractRemoteTestNG.run(AbstractRemoteTestNG.java:115)
at org.testng.remote.RemoteTestNG.initAndRun(RemoteTestNG.java:251)
at org.testng.remote.RemoteTestNG.main(RemoteTestNG.java:77)
]]>
            </full-stacktrace>
          </exception> <!-- java.lang.NullPointerException -->
          <reporter-output>
          </reporter-output>
        </test-method> <!-- clickWomensLink -->
      </class> <!-- com.company.saf.test.NavigateToWomensPage -->
      <class name="com.company.saf.test.NavigateToTopsPage">
        <test-method status="FAIL" signature="clickWomensLink()[pri:1, instance:com.company.saf.test.NavigateToTopsPage@3ffc5af1]" name="clickWomensLink" duration-ms="6" started-at="2019-09-01T19:17:01Z" finished-at="2019-09-01T19:17:01Z">
          <exception class="java.lang.NullPointerException">
            <full-stacktrace>
              <![CDATA[java.lang.NullPointerException
at com.company.saf.page.LoginPage.getWomenLink(LoginPage.java:18)
at com.company.saf.action.LoginAction.clickOnWomenLink(LoginAction.java:20)
at com.company.saf.test.NavigateToTopsPage.clickWomensLink(NavigateToTopsPage.java:14)
at sun.reflect.NativeMethodAccessorImpl.invoke0(Native Method)
at sun.reflect.NativeMethodAccessorImpl.invoke(Unknown Source)
at sun.reflect.DelegatingMethodAccessorImpl.invoke(Unknown Source)
at java.lang.reflect.Method.invoke(Unknown Source)
at org.testng.internal.MethodInvocationHelper.invokeMethod(MethodInvocationHelper.java:124)
at org.testng.internal.Invoker.invokeMethod(Invoker.java:583)
at org.testng.internal.Invoker.invokeTestMethod(Invoker.java:719)
at org.testng.internal.Invoker.invokeTestMethods(Invoker.java:989)
at org.testng.internal.TestMethodWorker.invokeTestMethods(TestMethodWorker.java:125)
at org.testng.internal.TestMethodWorker.run(TestMethodWorker.java:109)
at org.testng.TestRunner.privateRun(TestRunner.java:648)
at org.testng.TestRunner.run(TestRunner.java:505)
at org.testng.SuiteRunner.runTest(SuiteRunner.java:455)
at org.testng.SuiteRunner.runSequentially(SuiteRunner.java:450)
at org.testng.SuiteRunner.privateRun(SuiteRunner.java:415)
at org.testng.SuiteRunner.run(SuiteRunner.java:364)
at org.testng.SuiteRunnerWorker.runSuite(SuiteRunnerWorker.java:52)
at org.testng.SuiteRunnerWorker.run(SuiteRunnerWorker.java:84)
at org.testng.TestNG.runSuitesSequentially(TestNG.java:1208)
at org.testng.TestNG.runSuitesLocally(TestNG.java:1137)
at org.testng.TestNG.runSuites(TestNG.java:1049)
at org.testng.TestNG.run(TestNG.java:1017)
at org.testng.remote.AbstractRemoteTestNG.run(AbstractRemoteTestNG.java:115)
at org.testng.remote.RemoteTestNG.initAndRun(RemoteTestNG.java:251)
at org.testng.remote.RemoteTestNG.main(RemoteTestNG.java:77)
]]>
            </full-stacktrace>
          </exception> <!-- java.lang.NullPointerException -->
          <reporter-output>
          </reporter-output>
        </test-method> <!-- clickWomensLink -->
      </class> <!-- com.company.saf.test.NavigateToTopsPage -->
      <class name="com.company.saf.test.DressesPgInStockLinksCntValidation">
        <test-method status="PASS" signature="init()[pri:0, instance:com.company.saf.test.DressesPgInStockLinksCntValidation@29774679]" name="init" is-config="true" duration-ms="48218" started-at="2019-09-01T19:16:06Z" finished-at="2019-09-01T19:16:54Z">
          <reporter-output>
          </reporter-output>
        </test-method> <!-- init -->
        <test-method status="PASS" signature="clickWomensLink()[pri:1, instance:com.company.saf.test.DressesPgInStockLinksCntValidation@29774679]" name="clickWomensLink" duration-ms="6944" started-at="2019-09-01T19:16:54Z" finished-at="2019-09-01T19:17:01Z">
          <reporter-output>
          </reporter-output>
        </test-method> <!-- clickWomensLink -->
        <test-method status="PASS" signature="tearDown()[pri:0, instance:com.company.saf.test.DressesPgInStockLinksCntValidation@29774679]" name="tearDown" is-config="true" duration-ms="3653" started-at="2019-09-01T19:17:01Z" finished-at="2019-09-01T19:17:05Z">
          <reporter-output>
          </reporter-output>
        </test-method> <!-- tearDown -->
      </class> <!-- com.company.saf.test.DressesPgInStockLinksCntValidation -->
    </test> <!-- Test1 -->
  </suite> <!-- Suite1 -->
</testng-results>
