<?xml version="1.0" encoding="UTF-8"?>
<!-- Generated by org.testng.reporters.JUnitXMLReporter -->
<testsuite hostname="karusala" ignored="6" name="Test1" tests="3" failures="2" timestamp="01 Sep 2019 19:17:05 GMT" time="59.347" errors="0">
  <testcase name="clickWomensLink" time="0.126" classname="com.company.saf.test.NavigateToWomensPage">
    <failure type="java.lang.NullPointerException">
      <![CDATA[java.lang.NullPointerException
at com.company.saf.page.LoginPage.getWomenLink(LoginPage.java:18)
at com.company.saf.action.LoginAction.clickOnWomenLink(LoginAction.java:20)
at com.company.saf.test.NavigateToWomensPage.clickWomensLink(NavigateToWomensPage.java:13)
... Removed 25 stack frames]]>
    </failure>
  </testcase> <!-- clickWomensLink -->
  <testcase name="clickWomensLink" time="6.944" classname="com.company.saf.test.DressesPgInStockLinksCntValidation"/>
  <testcase name="clickWomensLink" time="0.006" classname="com.company.saf.test.NavigateToTopsPage">
    <failure type="java.lang.NullPointerException">
      <![CDATA[java.lang.NullPointerException
at com.company.saf.page.LoginPage.getWomenLink(LoginPage.java:18)
at com.company.saf.action.LoginAction.clickOnWomenLink(LoginAction.java:20)
at com.company.saf.test.NavigateToTopsPage.clickWomensLink(NavigateToTopsPage.java:14)
... Removed 25 stack frames]]>
    </failure>
  </testcase> <!-- clickWomensLink -->
  <testcase name="@BeforeTest init" time="0.0" classname="com.company.saf.test.TestCase">
    <ignored/>
  </testcase> <!-- @BeforeTest init -->
  <testcase name="@BeforeTest init" time="0.0" classname="com.company.saf.test.TestCase">
    <ignored/>
  </testcase> <!-- @BeforeTest init -->
  <testcase name="@BeforeTest init" time="0.0" classname="com.company.saf.test.TestCase">
    <ignored/>
  </testcase> <!-- @BeforeTest init -->
  <testcase name="@AfterTest tearDown" time="0.0" classname="com.company.saf.test.TestCase">
    <ignored/>
  </testcase> <!-- @AfterTest tearDown -->
  <testcase name="@AfterTest tearDown" time="0.0" classname="com.company.saf.test.TestCase">
    <ignored/>
  </testcase> <!-- @AfterTest tearDown -->
  <testcase name="@AfterTest tearDown" time="0.0" classname="com.company.saf.test.TestCase">
    <ignored/>
  </testcase> <!-- @AfterTest tearDown -->
</testsuite> <!-- Test1 -->
