<?xml version="1.0" encoding="UTF-8"?>
<testng-results skipped="0" failed="0" ignored="6" total="9" passed="3">
  <reporter-output>
  </reporter-output>
  <suite name="Suite" duration-ms="44678" started-at="2019-09-01T14:46:36Z" finished-at="2019-09-01T14:47:20Z">
    <groups>
    </groups>
    <test name="Test" duration-ms="44678" started-at="2019-09-01T14:46:36Z" finished-at="2019-09-01T14:47:20Z">
      <class name="com.company.saf.test.NavigateToWomensPage">
        <test-method status="PASS" signature="clickWomensLink()[pri:0, instance:com.company.saf.test.NavigateToWomensPage@5e5792a0]" name="clickWomensLink" duration-ms="6813" started-at="2019-09-01T14:47:01Z" finished-at="2019-09-01T14:47:08Z">
          <reporter-output>
          </reporter-output>
        </test-method> <!-- clickWomensLink -->
      </class> <!-- com.company.saf.test.NavigateToWomensPage -->
      <class name="com.company.saf.test.NavigateToTopsPage">
        <test-method status="PASS" signature="clickWomensLink()[pri:1, instance:com.company.saf.test.NavigateToTopsPage@3ffc5af1]" name="clickWomensLink" duration-ms="4320" started-at="2019-09-01T14:47:13Z" finished-at="2019-09-01T14:47:17Z">
          <reporter-output>
          </reporter-output>
        </test-method> <!-- clickWomensLink -->
      </class> <!-- com.company.saf.test.NavigateToTopsPage -->
      <class name="com.company.saf.test.DressesPgInStockLinksCntValidation">
        <test-method status="PASS" signature="init()[pri:0, instance:com.company.saf.test.DressesPgInStockLinksCntValidation@29774679]" name="init" is-config="true" duration-ms="25148" started-at="2019-09-01T14:46:36Z" finished-at="2019-09-01T14:47:01Z">
          <reporter-output>
          </reporter-output>
        </test-method> <!-- init -->
        <test-method status="PASS" signature="clickWomensLink()[pri:1, instance:com.company.saf.test.DressesPgInStockLinksCntValidation@29774679]" name="clickWomensLink" duration-ms="4652" started-at="2019-09-01T14:47:08Z" finished-at="2019-09-01T14:47:13Z">
          <reporter-output>
          </reporter-output>
        </test-method> <!-- clickWomensLink -->
        <test-method status="PASS" signature="tearDown()[pri:0, instance:com.company.saf.test.DressesPgInStockLinksCntValidation@29774679]" name="tearDown" is-config="true" duration-ms="3631" started-at="2019-09-01T14:47:17Z" finished-at="2019-09-01T14:47:20Z">
          <reporter-output>
          </reporter-output>
        </test-method> <!-- tearDown -->
      </class> <!-- com.company.saf.test.DressesPgInStockLinksCntValidation -->
    </test> <!-- Test -->
  </suite> <!-- Suite -->
</testng-results>
